#! /usr/bin/vvp
:ivl_version "10.1 (stable)";
:ivl_delay_selection "TYPICAL";
:vpi_time_precision + 0;
:vpi_module "system";
:vpi_module "vhdl_sys";
:vpi_module "v2005_math";
:vpi_module "va_math";
S_0x55e93e3edc40 .scope module, "test" "test" 2 1;
 .timescale 0 0;
v0x55e93e40ebd0_0 .var "clk", 0 0;
v0x55e93e40ec90_0 .var "led_num", 7 0;
v0x55e93e40ed60_0 .var "reset", 0 0;
v0x55e93e40ee60_0 .var "rgb_data", 23 0;
v0x55e93e40ef30_0 .var "write", 0 0;
E_0x55e93e3e08f0 .event edge, v0x55e93e40e970_0;
E_0x55e93e3e0410 .event edge, v0x55e93e40e420_0;
S_0x55e93e3eddc0 .scope module, "ws2812_inst" "ws2812" 2 31, 3 10 0, S_0x55e93e3edc40;
 .timescale 0 0;
    .port_info 0 /INPUT 24 "rgb_data"
    .port_info 1 /INPUT 8 "led_num"
    .port_info 2 /INPUT 1 "write"
    .port_info 3 /INPUT 1 "reset"
    .port_info 4 /INPUT 1 "clk"
    .port_info 5 /OUTPUT 1 "data"
P_0x55e93e3edf40 .param/l "CLK_MHZ" 0 3 20, +C4<00000000000000000000000000001100>;
P_0x55e93e3edf80 .param/l "COUNT_BITS" 1 3 47, +C4<00000000000000000000000000001100>;
P_0x55e93e3edfc0 .param/l "LED_BITS" 1 3 21, +C4<00000000000000000000000000000010>;
P_0x55e93e3ee000 .param/l "NUM_LEDS" 0 3 19, +C4<00000000000000000000000000000100>;
P_0x55e93e3ee040 .param/l "STATE_DATA" 1 3 57, +C4<00000000000000000000000000000000>;
P_0x55e93e3ee080 .param/l "STATE_RESET" 1 3 58, +C4<00000000000000000000000000000001>;
P_0x55e93e3ee0c0 .param/l "t_off" 0 3 44, +C4<00000000000000000000000000000100>;
P_0x55e93e3ee100 .param/l "t_on" 0 3 43, +C4<00000000000000000000000000001010>;
P_0x55e93e3ee140 .param/l "t_period" 1 3 46, +C4<00000000000000000000000000001111>;
P_0x55e93e3ee180 .param/l "t_reset" 0 3 45, +C4<00000000000000000000110100100000>;
v0x55e93e3ee3b0_0 .var "bit_counter", 11 0;
v0x55e93e40e1b0_0 .net "clk", 0 0, v0x55e93e40ebd0_0;  1 drivers
v0x55e93e40e270_0 .var "data", 0 0;
v0x55e93e40e340_0 .var "led_color", 23 0;
v0x55e93e40e420_0 .var "led_counter", 1 0;
v0x55e93e40e550_0 .net "led_num", 7 0, v0x55e93e40ec90_0;  1 drivers
v0x55e93e40e630 .array "led_reg", 0 3, 23 0;
v0x55e93e40e6f0_0 .net "reset", 0 0, v0x55e93e40ed60_0;  1 drivers
v0x55e93e40e7b0_0 .var "rgb_counter", 4 0;
v0x55e93e40e890_0 .net "rgb_data", 23 0, v0x55e93e40ee60_0;  1 drivers
v0x55e93e40e970_0 .var "state", 1 0;
v0x55e93e40ea50_0 .net "write", 0 0, v0x55e93e40ef30_0;  1 drivers
E_0x55e93e3e0cb0 .event posedge, v0x55e93e40e1b0_0;
    .scope S_0x55e93e3eddc0;
T_0 ;
    %pushi/vec4 0, 0, 1;
    %store/vec4 v0x55e93e40e270_0, 0, 1;
    %end;
    .thread T_0;
    .scope S_0x55e93e3eddc0;
T_1 ;
    %pushi/vec4 0, 0, 2;
    %store/vec4 v0x55e93e40e420_0, 0, 2;
    %end;
    .thread T_1;
    .scope S_0x55e93e3eddc0;
T_2 ;
    %pushi/vec4 0, 0, 12;
    %store/vec4 v0x55e93e3ee3b0_0, 0, 12;
    %end;
    .thread T_2;
    .scope S_0x55e93e3eddc0;
T_3 ;
    %pushi/vec4 0, 0, 5;
    %store/vec4 v0x55e93e40e7b0_0, 0, 5;
    %end;
    .thread T_3;
    .scope S_0x55e93e3eddc0;
T_4 ;
    %pushi/vec4 1, 0, 2;
    %store/vec4 v0x55e93e40e970_0, 0, 2;
    %end;
    .thread T_4;
    .scope S_0x55e93e3eddc0;
T_5 ;
    %wait E_0x55e93e3e0cb0;
    %load/vec4 v0x55e93e40ea50_0;
    %flag_set/vec4 8;
    %jmp/0xz  T_5.0, 8;
    %load/vec4 v0x55e93e40e890_0;
    %ix/getv 3, v0x55e93e40e550_0;
    %ix/load 4, 0, 0; Constant delay
    %assign/vec4/a/d v0x55e93e40e630, 0, 4;
T_5.0 ;
    %load/vec4 v0x55e93e40e420_0;
    %pad/u 4;
    %ix/vec4 4;
    %load/vec4a v0x55e93e40e630, 4;
    %assign/vec4 v0x55e93e40e340_0, 0;
    %jmp T_5;
    .thread T_5;
    .scope S_0x55e93e3eddc0;
T_6 ;
    %wait E_0x55e93e3e0cb0;
    %load/vec4 v0x55e93e40e6f0_0;
    %flag_set/vec4 8;
    %jmp/0xz  T_6.0, 8;
    %vpi_call 3 80 "$display", "Bypassing memory reset to allow BRAM" {0 0 0};
    %pushi/vec4 1, 0, 2;
    %assign/vec4 v0x55e93e40e970_0, 0;
    %pushi/vec4 3360, 0, 12;
    %assign/vec4 v0x55e93e3ee3b0_0, 0;
    %pushi/vec4 23, 0, 5;
    %assign/vec4 v0x55e93e40e7b0_0, 0;
    %pushi/vec4 3, 0, 2;
    %assign/vec4 v0x55e93e40e420_0, 0;
    %pushi/vec4 0, 0, 1;
    %assign/vec4 v0x55e93e40e270_0, 0;
    %jmp T_6.1;
T_6.0 ;
    %load/vec4 v0x55e93e40e970_0;
    %dup/vec4;
    %pushi/vec4 1, 0, 2;
    %cmp/u;
    %jmp/1 T_6.2, 6;
    %dup/vec4;
    %pushi/vec4 0, 0, 2;
    %cmp/u;
    %jmp/1 T_6.3, 6;
    %jmp T_6.4;
T_6.2 ;
    %pushi/vec4 23, 0, 5;
    %assign/vec4 v0x55e93e40e7b0_0, 0;
    %pushi/vec4 3, 0, 2;
    %assign/vec4 v0x55e93e40e420_0, 0;
    %pushi/vec4 0, 0, 1;
    %assign/vec4 v0x55e93e40e270_0, 0;
    %load/vec4 v0x55e93e3ee3b0_0;
    %subi 1, 0, 12;
    %assign/vec4 v0x55e93e3ee3b0_0, 0;
    %load/vec4 v0x55e93e3ee3b0_0;
    %pad/u 32;
    %cmpi/e 0, 0, 32;
    %jmp/0xz  T_6.5, 4;
    %pushi/vec4 0, 0, 2;
    %assign/vec4 v0x55e93e40e970_0, 0;
    %pushi/vec4 15, 0, 12;
    %assign/vec4 v0x55e93e3ee3b0_0, 0;
T_6.5 ;
    %jmp T_6.4;
T_6.3 ;
    %load/vec4 v0x55e93e40e340_0;
    %load/vec4 v0x55e93e40e7b0_0;
    %part/u 1;
    %flag_set/vec4 8;
    %jmp/0xz  T_6.7, 8;
    %pushi/vec4 5, 0, 32;
    %load/vec4 v0x55e93e3ee3b0_0;
    %pad/u 32;
    %cmp/u;
    %flag_get/vec4 5;
    %assign/vec4 v0x55e93e40e270_0, 0;
    %jmp T_6.8;
T_6.7 ;
    %pushi/vec4 11, 0, 32;
    %load/vec4 v0x55e93e3ee3b0_0;
    %pad/u 32;
    %cmp/u;
    %flag_get/vec4 5;
    %assign/vec4 v0x55e93e40e270_0, 0;
T_6.8 ;
    %load/vec4 v0x55e93e3ee3b0_0;
    %subi 1, 0, 12;
    %assign/vec4 v0x55e93e3ee3b0_0, 0;
    %load/vec4 v0x55e93e3ee3b0_0;
    %pad/u 32;
    %cmpi/e 0, 0, 32;
    %jmp/0xz  T_6.9, 4;
    %pushi/vec4 15, 0, 12;
    %assign/vec4 v0x55e93e3ee3b0_0, 0;
    %load/vec4 v0x55e93e40e7b0_0;
    %subi 1, 0, 5;
    %assign/vec4 v0x55e93e40e7b0_0, 0;
    %load/vec4 v0x55e93e40e7b0_0;
    %pad/u 32;
    %cmpi/e 0, 0, 32;
    %jmp/0xz  T_6.11, 4;
    %load/vec4 v0x55e93e40e420_0;
    %subi 1, 0, 2;
    %assign/vec4 v0x55e93e40e420_0, 0;
    %pushi/vec4 15, 0, 12;
    %assign/vec4 v0x55e93e3ee3b0_0, 0;
    %pushi/vec4 23, 0, 5;
    %assign/vec4 v0x55e93e40e7b0_0, 0;
    %load/vec4 v0x55e93e40e420_0;
    %pad/u 32;
    %cmpi/e 0, 0, 32;
    %jmp/0xz  T_6.13, 4;
    %pushi/vec4 1, 0, 2;
    %assign/vec4 v0x55e93e40e970_0, 0;
    %pushi/vec4 3, 0, 2;
    %assign/vec4 v0x55e93e40e420_0, 0;
    %pushi/vec4 3360, 0, 12;
    %assign/vec4 v0x55e93e3ee3b0_0, 0;
T_6.13 ;
T_6.11 ;
T_6.9 ;
    %jmp T_6.4;
T_6.4 ;
    %pop/vec4 1;
T_6.1 ;
    %jmp T_6;
    .thread T_6;
    .scope S_0x55e93e3edc40;
T_7 ;
    %pushi/vec4 0, 0, 1;
    %store/vec4 v0x55e93e40ebd0_0, 0, 1;
    %end;
    .thread T_7;
    .scope S_0x55e93e3edc40;
T_8 ;
    %pushi/vec4 1, 0, 1;
    %store/vec4 v0x55e93e40ed60_0, 0, 1;
    %end;
    .thread T_8;
    .scope S_0x55e93e3edc40;
T_9 ;
    %pushi/vec4 0, 0, 8;
    %store/vec4 v0x55e93e40ec90_0, 0, 8;
    %end;
    .thread T_9;
    .scope S_0x55e93e3edc40;
T_10 ;
    %pushi/vec4 0, 0, 1;
    %store/vec4 v0x55e93e40ef30_0, 0, 1;
    %end;
    .thread T_10;
    .scope S_0x55e93e3edc40;
T_11 ;
    %pushi/vec4 0, 0, 24;
    %store/vec4 v0x55e93e40ee60_0, 0, 24;
    %end;
    .thread T_11;
    .scope S_0x55e93e3edc40;
T_12 ;
    %vpi_call 2 10 "$dumpfile", "test.vcd" {0 0 0};
    %vpi_call 2 11 "$dumpvars", 32'sb00000000000000000000000000000000, S_0x55e93e3edc40 {0 0 0};
    %vpi_call 2 12 "$dumpvars", 32'sb00000000000000000000000000000001, &A<v0x55e93e40e630, 0> {0 0 0};
    %delay 20, 0;
    %pushi/vec4 0, 0, 1;
    %assign/vec4 v0x55e93e40ed60_0, 0;
    %delay 10, 0;
    %pushi/vec4 0, 0, 8;
    %assign/vec4 v0x55e93e40ec90_0, 0;
    %pushi/vec4 11193565, 0, 24;
    %assign/vec4 v0x55e93e40ee60_0, 0;
    %pushi/vec4 1, 0, 1;
    %assign/vec4 v0x55e93e40ef30_0, 0;
    %delay 2, 0;
    %pushi/vec4 0, 0, 1;
    %assign/vec4 v0x55e93e40ef30_0, 0;
    %pushi/vec4 6, 0, 32;
T_12.0 %dup/vec4;
    %pushi/vec4 0, 0, 32;
    %cmp/s;
    %jmp/1xz T_12.1, 5;
    %jmp/1 T_12.1, 4;
    %pushi/vec4 1, 0, 32;
    %sub;
T_12.2 ;
    %load/vec4 v0x55e93e40e420_0;
    %pad/u 32;
    %pushi/vec4 0, 0, 32;
    %cmp/e;
    %flag_get/vec4 4;
    %cmpi/ne 1, 0, 1;
    %jmp/0xz T_12.3, 6;
    %wait E_0x55e93e3e0410;
    %jmp T_12.2;
T_12.3 ;
T_12.4 ;
    %load/vec4 v0x55e93e40e970_0;
    %pad/u 32;
    %pushi/vec4 1, 0, 32;
    %cmp/e;
    %flag_get/vec4 4;
    %cmpi/ne 1, 0, 1;
    %jmp/0xz T_12.5, 6;
    %wait E_0x55e93e3e08f0;
    %jmp T_12.4;
T_12.5 ;
    %jmp T_12.0;
T_12.1 ;
    %pop/vec4 1;
    %vpi_call 2 28 "$finish" {0 0 0};
    %end;
    .thread T_12;
    .scope S_0x55e93e3edc40;
T_13 ;
    %delay 1, 0;
    %load/vec4 v0x55e93e40ebd0_0;
    %nor/r;
    %store/vec4 v0x55e93e40ebd0_0, 0, 1;
    %jmp T_13;
    .thread T_13;
# The file index is used to find the file name in the following table.
:file_names 4;
    "N/A";
    "<interactive>";
    "ws2812_tb.v";
    "ws2812.v";
